c:\users\invictus\documents\github\boundbydeath\scriptsproject\x64\debug\gamescripts.pch
c:\users\invictus\documents\github\boundbydeath\scriptsproject\x64\debug\vc143.pdb
c:\users\invictus\documents\github\boundbydeath\scriptsproject\x64\debug\vc143.idb
c:\users\invictus\documents\github\boundbydeath\scriptsproject\x64\debug\pch.obj
c:\users\invictus\documents\github\boundbydeath\scriptsproject\x64\debug\dllmain.obj
c:\users\invictus\documents\github\boundbydeath\scriptsproject\x64\debug\debugdrawtest.obj
c:\users\invictus\documents\github\boundbydeath\scriptsproject\x64\debug\debugdamagetrigger.obj
c:\users\invictus\documents\github\boundbydeath\scriptsproject\x64\debug\deathtaunt.obj
c:\users\invictus\documents\github\boundbydeath\scriptsproject\x64\debug\deathdash.obj
c:\users\invictus\documents\github\boundbydeath\scriptsproject\x64\debug\deathchargedattack.obj
c:\users\invictus\documents\github\boundbydeath\scriptsproject\x64\debug\deathcharacter.obj
c:\users\invictus\documents\github\boundbydeath\scriptsproject\x64\debug\deathbasicattack.obj
c:\users\invictus\documents\github\boundbydeath\scriptsproject\x64\debug\deathabilitybase.obj
c:\users\invictus\documents\github\boundbydeath\scriptsproject\x64\debug\damageable.obj
c:\users\invictus\documents\github\boundbydeath\scriptsproject\x64\debug\characterbase.obj
c:\users\invictus\documents\github\boundbydeath\scriptsproject\x64\debug\bound.obj
c:\users\invictus\documents\github\boundbydeath\scriptsproject\x64\debug\arrowpool.obj
c:\users\invictus\documents\github\boundbydeath\scriptsproject\x64\debug\abilitybase.obj
c:\users\invictus\documents\github\boundbydeath\scriptsproject\x64\debug\triggerarea.obj
c:\users\invictus\documents\github\boundbydeath\scriptsproject\x64\debug\testingbutton.obj
c:\users\invictus\documents\github\boundbydeath\scriptsproject\x64\debug\playercontroller.obj
c:\users\invictus\documents\github\boundbydeath\scriptsproject\x64\debug\localmultiplayersetup.obj
c:\users\invictus\documents\github\boundbydeath\scriptsproject\x64\debug\cameraswitcher.obj
c:\users\invictus\documents\github\boundbydeath\scriptsproject\x64\debug\camerafollow.obj
c:\users\invictus\documents\github\boundbydeath\scriptsproject\x64\debug\lyrielbasicattack.obj
c:\users\invictus\documents\github\boundbydeath\scriptsproject\x64\debug\lyrielarrowvolley.obj
c:\users\invictus\documents\github\boundbydeath\scriptsproject\x64\debug\lyrielarrowprojectile.obj
c:\users\invictus\documents\github\boundbydeath\scriptsproject\x64\debug\lyrielabilitybase.obj
c:\users\invictus\documents\github\boundbydeath\scriptsproject\x64\debug\levelcheats.obj
c:\users\invictus\documents\github\boundbydeath\scriptsproject\x64\debug\enemystun.obj
c:\users\invictus\documents\github\boundbydeath\scriptsproject\x64\debug\enemyrecover.obj
c:\users\invictus\documents\github\boundbydeath\scriptsproject\x64\debug\enemyidle.obj
c:\users\invictus\documents\github\boundbydeath\scriptsproject\x64\debug\enemycontroller.obj
c:\users\invictus\documents\github\boundbydeath\scriptsproject\x64\debug\healthpickup.obj
c:\users\invictus\documents\github\boundbydeath\scriptsproject\x64\debug\defeatconditionmanager.obj
c:\users\invictus\documents\github\boundbydeath\scriptsproject\x64\debug\enemydetectionaggro.obj
c:\users\invictus\documents\github\boundbydeath\scriptsproject\x64\debug\enemydeathhandler.obj
c:\users\invictus\documents\github\boundbydeath\scriptsproject\x64\debug\reapergauge.obj
c:\users\invictus\documents\github\boundbydeath\scriptsproject\x64\debug\persistingpowerupstate.obj
c:\users\invictus\documents\github\boundbydeath\scriptsproject\x64\debug\enemyshadowmark.obj
c:\users\invictus\documents\github\boundbydeath\scriptsproject\x64\debug\enemydamageable.obj
c:\users\invictus\documents\github\boundbydeath\scriptsproject\x64\debug\enemychase.obj
c:\users\invictus\documents\github\boundbydeath\scriptsproject\x64\debug\enemycharge.obj
c:\users\invictus\documents\github\boundbydeath\scriptsproject\x64\debug\enemyattack.obj
c:\users\invictus\documents\github\boundbydeath\scriptsproject\x64\debug\uipause.obj
c:\users\invictus\documents\github\boundbydeath\scriptsproject\x64\debug\uicontroller.obj
c:\users\invictus\documents\github\boundbydeath\scriptsproject\x64\debug\targetindicatorui.obj
c:\users\invictus\documents\github\boundbydeath\scriptsproject\x64\debug\playertargetcontroller.obj
c:\users\invictus\documents\github\boundbydeath\scriptsproject\x64\debug\playerstate.obj
c:\users\invictus\documents\github\boundbydeath\scriptsproject\x64\debug\playerrotation.obj
c:\users\invictus\documents\github\boundbydeath\scriptsproject\x64\debug\playermovement.obj
c:\users\invictus\documents\github\boundbydeath\scriptsproject\x64\debug\playerdownstate.obj
c:\users\invictus\documents\github\boundbydeath\scriptsproject\x64\debug\playerdamageable.obj
c:\users\invictus\documents\github\boundbydeath\scriptsproject\x64\debug\playeranimationcontroller.obj
c:\users\invictus\documents\github\boundbydeath\scriptsproject\x64\debug\spiketrap.obj
c:\users\invictus\documents\github\boundbydeath\scriptsproject\x64\debug\powerupcollectible.obj
c:\users\invictus\documents\github\boundbydeath\scriptsproject\x64\debug\lyrieldash.obj
c:\users\invictus\documents\github\boundbydeath\scriptsproject\x64\debug\abilitydash.obj
c:\users\invictus\documents\github\boundbydeath\scriptsproject\x64\debug\lyrielchargedattack.obj
c:\users\invictus\documents\github\boundbydeath\scriptsproject\x64\debug\lyrielcharacter.obj
c:\users\invictus\documents\github\boundbydeath\scriptsproject\x64\debug\simplemath.obj
c:\users\invictus\documents\github\boundbydeath\scriptsproject\x64\debug\shadowexecution.obj
c:\users\invictus\documents\github\boundbydeath\scriptsproject\x64\debug\gamescripts.ilk
c:\users\invictus\documents\github\boundbydeath\engine\gamescripts.dll
c:\users\invictus\documents\github\boundbydeath\engine\gamescripts.pdb
c:\users\invictus\documents\github\boundbydeath\scriptsproject\..\engine\gamescripts.pdb
c:\users\invictus\documents\github\boundbydeath\scriptsproject\x64\debug\scriptsproject.tlog\cl.command.1.tlog
c:\users\invictus\documents\github\boundbydeath\scriptsproject\x64\debug\scriptsproject.tlog\cl.items.tlog
c:\users\invictus\documents\github\boundbydeath\scriptsproject\x64\debug\scriptsproject.tlog\cl.read.1.tlog
c:\users\invictus\documents\github\boundbydeath\scriptsproject\x64\debug\scriptsproject.tlog\cl.write.1.tlog
c:\users\invictus\documents\github\boundbydeath\scriptsproject\x64\debug\scriptsproject.tlog\link-cvtres.read.1.tlog
c:\users\invictus\documents\github\boundbydeath\scriptsproject\x64\debug\scriptsproject.tlog\link-cvtres.write.1.tlog
c:\users\invictus\documents\github\boundbydeath\scriptsproject\x64\debug\scriptsproject.tlog\link-rc.read.1.tlog
c:\users\invictus\documents\github\boundbydeath\scriptsproject\x64\debug\scriptsproject.tlog\link-rc.write.1.tlog
c:\users\invictus\documents\github\boundbydeath\scriptsproject\x64\debug\scriptsproject.tlog\link.command.1.tlog
c:\users\invictus\documents\github\boundbydeath\scriptsproject\x64\debug\scriptsproject.tlog\link.read.1.tlog
c:\users\invictus\documents\github\boundbydeath\scriptsproject\x64\debug\scriptsproject.tlog\link.read.2.tlog
c:\users\invictus\documents\github\boundbydeath\scriptsproject\x64\debug\scriptsproject.tlog\link.read.3.tlog
c:\users\invictus\documents\github\boundbydeath\scriptsproject\x64\debug\scriptsproject.tlog\link.read.5.tlog
c:\users\invictus\documents\github\boundbydeath\scriptsproject\x64\debug\scriptsproject.tlog\link.write.1.tlog
