C:\Program Files\Microsoft Visual Studio\2022\Community\MSBuild\Microsoft\VC\v170\Microsoft.CppBuild.targets(517,5): warning MSB8004: El directorio Output no termina con una barra diagonal final. Esta instancia de compilación agregará la barra diagonal porque es necesaria para que se pueda evaluar correctamente el directorio Output.
  PlayerController.cpp
  AbilityBase.cpp
  Bound.cpp
  CharacterBase.cpp
  Damageable.cpp
  DeathAbilityBase.cpp
  DeathBasicAttack.cpp
  DeathCharacter.cpp
  DeathChargedAttack.cpp
  DeathDash.cpp
  DeathTaunt.cpp
  DebugDamageTrigger.cpp
  EnemyATTACK.cpp
  EnemyDamageable.cpp
  EnemyShadowMark.cpp
  ReaperGauge.cpp
  ShadowExecution.cpp
  EnemyDeathHandler.cpp
  EnemyDetectionAggro.cpp
  DefeatConditionManager.cpp
  Generando código...
  Compilando...
  HealthPickup.cpp
  EnemyController.cpp
C:\Users\INVICTUS\Documents\GitHub\BoundByDeath\ScriptsProject\EnemyController.cpp(173,80): warning C4267: 'argumento': conversión de 'size_t' a 'int'; posible pérdida de datos
  LevelCheats.cpp
  LyrielAbilityBase.cpp
  LyrielArrowProjectile.cpp
  LyrielArrowVolley.cpp
  LyrielBasicAttack.cpp
  LyrielCharacter.cpp
  LyrielChargedAttack.cpp
  AbilityDash.cpp
  LyrielDash.cpp
  SpikeTrap.cpp
  PlayerDamageable.cpp
  PlayerDownState.cpp
  Generando código...
  ScriptsProject.vcxproj -> C:\Users\INVICTUS\Documents\GitHub\BoundByDeath\Engine\GameScripts.dll
